<?xml version="1.0" encoding="UTF-8"?>
<testsuite xmlns:xsi="http://www.w3.org/2001/XMLSchema-instance" xsi:noNamespaceSchemaLocation="https://maven.apache.org/surefire/maven-surefire-plugin/xsd/surefire-test-report.xsd" name="nl.han.ica.icss.parser.ParserTest" time="0.14" tests="4" errors="0" skipped="0" failures="0">
  <properties>
[...]
</properties>
  <testcase name="testParseLevel0" classname="nl.han.ica.icss.parser.ParserTest" time="0.109"/>
  <testcase name="testParseLevel1" classname="nl.han.ica.icss.parser.ParserTest" time="0"/>
  <testcase name="testParseLevel2" classname="nl.han.ica.icss.parser.ParserTest" time="0.016"/>
  <testcase name="testParseLevel3" classname="nl.han.ica.icss.parser.ParserTest" time="0.015"/>
</testsuite>