<?xml version="1.0" encoding="UTF-8"?>
<testsuite xmlns:xsi="http://www.w3.org/2001/XMLSchema-instance" xsi:noNamespaceSchemaLocation="https://maven.apache.org/surefire/maven-surefire-plugin/xsd/surefire-test-report.xsd" name="nl.han.ica.icss.parser.ParserTest" time="0.085" tests="4" errors="0" skipped="0" failures="2">
  <properties>
[...]
</properties>
  <testcase name="testParseLevel0" classname="nl.han.ica.icss.parser.ParserTest" time="0.062"/>
  <testcase name="testParseLevel1" classname="nl.han.ica.icss.parser.ParserTest" time="0.004"/>
  <testcase name="testParseLevel2" classname="nl.han.ica.icss.parser.ParserTest" time="0.012">
    <failure message="expected: &lt;[Stylesheet|[VariableAssignment (LinkColor)|[VariableReference (LinkColor)|][Color literal (#ff0000)|]][VariableAssignment (ParWidth)|[VariableReference (ParWidth)|][Pixel literal (500)|]][Stylerule|[TagSelector p|][Declaration|[Property: (background-color)|][Color literal (#ffffff)|]][Declaration|[Property: (width)|][VariableReference (ParWidth)|]]][Stylerule|[TagSelector a|][Declaration|[Property: (color)|][VariableReference (LinkColor)|]]][Stylerule|[IdSelector #menu|][Declaration|[Property: (width)|][Add|[VariableReference (ParWidth)|][Multiply|[Scalar literal (2)|][Pixel literal (10)|]]]]][Stylerule|[ClassSelector .menu|][Declaration|[Property: (color)|][Color literal (#000000)|]]]]&gt; but was: &lt;[Stylesheet|[VariableAssignment (LinkColor)|[VariableReference (LinkColor)|][Color literal (#ff0000)|]][VariableAssignment (ParWidth)|[VariableReference (ParWidth)|][Pixel literal (500)|]][Stylerule|[TagSelector p|][Declaration|[Property: (background-color)|][Color literal (#ffffff)|]][Declaration|[Property: (width)|][VariableReference (ParWidth)|]]][Stylerule|[TagSelector a|][Declaration|[Property: (color)|][VariableReference (LinkColor)|]]][Stylerule|[IdSelector #menu|][Declaration|[Property: (width)|][Add|[VariableReference (ParWidth)|][VariableReference (ParWidth)|]]]][Stylerule|[ClassSelector .menu|][Declaration|[Property: (color)|][Color literal (#000000)|]]]]&gt;" type="org.opentest4j.AssertionFailedError">org.opentest4j.AssertionFailedError: expected: &lt;[Stylesheet|[VariableAssignment (LinkColor)|[VariableReference (LinkColor)|][Color literal (#ff0000)|]][VariableAssignment (ParWidth)|[VariableReference (ParWidth)|][Pixel literal (500)|]][Stylerule|[TagSelector p|][Declaration|[Property: (background-color)|][Color literal (#ffffff)|]][Declaration|[Property: (width)|][VariableReference (ParWidth)|]]][Stylerule|[TagSelector a|][Declaration|[Property: (color)|][VariableReference (LinkColor)|]]][Stylerule|[IdSelector #menu|][Declaration|[Property: (width)|][Add|[VariableReference (ParWidth)|][Multiply|[Scalar literal (2)|][Pixel literal (10)|]]]]][Stylerule|[ClassSelector .menu|][Declaration|[Property: (color)|][Color literal (#000000)|]]]]&gt; but was: &lt;[Stylesheet|[VariableAssignment (LinkColor)|[VariableReference (LinkColor)|][Color literal (#ff0000)|]][VariableAssignment (ParWidth)|[VariableReference (ParWidth)|][Pixel literal (500)|]][Stylerule|[TagSelector p|][Declaration|[Property: (background-color)|][Color literal (#ffffff)|]][Declaration|[Property: (width)|][VariableReference (ParWidth)|]]][Stylerule|[TagSelector a|][Declaration|[Property: (color)|][VariableReference (LinkColor)|]]][Stylerule|[IdSelector #menu|][Declaration|[Property: (width)|][Add|[VariableReference (ParWidth)|][VariableReference (ParWidth)|]]]][Stylerule|[ClassSelector .menu|][Declaration|[Property: (color)|][Color literal (#000000)|]]]]&gt;	at nl.han.ica.icss.parser.ParserTest.testParseLevel2(ParserTest.java:75)</failure>
  </testcase>
  <testcase name="testParseLevel3" classname="nl.han.ica.icss.parser.ParserTest" time="0.002">
    <failure type="org.opentest4j.AssertionFailedError:">org.opentest4j.AssertionFailedError: 
	at nl.han.ica.icss.parser.ParserTest.parseTestFile(ParserTest.java:50)
	at nl.han.ica.icss.parser.ParserTest.testParseLevel3(ParserTest.java:80)
</failure>
  </testcase>
</testsuite>